app/build/intermediates/manifest_merge_blame_file/debug/manifest-merger-blame-debug-report.txt
1<?xml version="1.0" encoding="utf-8"?>
2<manifest xmlns:android="http://schemas.android.com/apk/res/android"
3    package="com.radio.kutai"
4    android:versionCode="2"
5    android:versionName="2.0" >
6
7    <uses-sdk
8        android:minSdkVersion="17"
8-->src/main/AndroidManifest.xml
9        android:targetSdkVersion="30" />
9-->src/main/AndroidManifest.xml
10
11    <uses-permission android:name="android.permission.INTERNET" />
11-->src/main/AndroidManifest.xml:7:5-66
11-->src/main/AndroidManifest.xml:7:22-64
12    <uses-permission android:name="android.permission.ACCESS_NETWORK_STATE" />
12-->src/main/AndroidManifest.xml:8:5-78
12-->src/main/AndroidManifest.xml:8:22-76
13    <uses-permission android:name="android.permission.FOREGROUND_SERVICE" />
13-->src/main/AndroidManifest.xml:9:5-76
13-->src/main/AndroidManifest.xml:9:22-74
14    <uses-permission android:name="android.permission.WRITE_EXTERNAL_STORAGE" />
14-->src/main/AndroidManifest.xml:10:5-80
14-->src/main/AndroidManifest.xml:10:22-78
15
16    <uses-feature
16-->src/main/AndroidManifest.xml:12:5-14:36
17        android:glEsVersion="0x00020000"
17-->src/main/AndroidManifest.xml:13:9-41
18        android:required="false" />
18-->src/main/AndroidManifest.xml:14:9-33
19
20    <queries>
20-->[com.facebook.android:audience-network-sdk:6.4.0] AndroidManifest.xml:11:5-13:15
21        <package android:name="com.facebook.katana" />
21-->[com.facebook.android:audience-network-sdk:6.4.0] AndroidManifest.xml:12:9-55
21-->[com.facebook.android:audience-network-sdk:6.4.0] AndroidManifest.xml:12:18-52
22        <!-- For browser content -->
23        <intent>
23-->[com.google.android.gms:play-services-ads-lite:20.1.0] AndroidManifest.xml:30:9-36:18
24            <action android:name="android.intent.action.VIEW" />
24-->[com.google.android.gms:play-services-ads-lite:20.1.0] AndroidManifest.xml:31:13-65
24-->[com.google.android.gms:play-services-ads-lite:20.1.0] AndroidManifest.xml:31:21-62
25
26            <category android:name="android.intent.category.BROWSABLE" />
26-->[com.google.android.gms:play-services-ads-lite:20.1.0] AndroidManifest.xml:33:13-74
26-->[com.google.android.gms:play-services-ads-lite:20.1.0] AndroidManifest.xml:33:23-71
27
28            <data android:scheme="https" />
28-->[com.google.android.gms:play-services-ads-lite:20.1.0] AndroidManifest.xml:35:13-44
28-->[com.google.android.gms:play-services-ads-lite:20.1.0] AndroidManifest.xml:35:19-41
29        </intent> <!-- End of browser content -->
30        <!-- For CustomTabsService -->
31        <intent>
31-->[com.google.android.gms:play-services-ads-lite:20.1.0] AndroidManifest.xml:39:9-41:18
32            <action android:name="android.support.customtabs.action.CustomTabsService" />
32-->[com.google.android.gms:play-services-ads-lite:20.1.0] AndroidManifest.xml:40:13-90
32-->[com.google.android.gms:play-services-ads-lite:20.1.0] AndroidManifest.xml:40:21-87
33        </intent>
34    </queries> <!-- Required by older versions of Google Play services to create GCM registration tokens -->
35    <uses-permission android:name="com.google.android.c2dm.permission.RECEIVE" />
35-->[com.google.android.gms:play-services-gcm:17.0.0] AndroidManifest.xml:23:5-82
35-->[com.google.android.gms:play-services-gcm:17.0.0] AndroidManifest.xml:23:22-79
36    <uses-permission android:name="android.permission.WAKE_LOCK" />
36-->[com.google.firebase:firebase-messaging:21.1.0] AndroidManifest.xml:23:5-68
36-->[com.google.firebase:firebase-messaging:21.1.0] AndroidManifest.xml:23:22-65
37    <uses-permission android:name="com.google.android.finsky.permission.BIND_GET_INSTALL_REFERRER_SERVICE" />
37-->[com.google.android.gms:play-services-measurement:18.0.3] AndroidManifest.xml:26:5-110
37-->[com.google.android.gms:play-services-measurement:18.0.3] AndroidManifest.xml:26:22-107
38    <uses-permission android:name="android.permission.RECEIVE_BOOT_COMPLETED" />
38-->[androidx.work:work-runtime:2.1.0] AndroidManifest.xml:27:5-81
38-->[androidx.work:work-runtime:2.1.0] AndroidManifest.xml:27:22-78
39
40    <application
40-->src/main/AndroidManifest.xml:16:5-138:19
41        android:name="com.radio.kutai.XRadioApplication"
41-->src/main/AndroidManifest.xml:17:9-57
42        android:allowBackup="true"
42-->src/main/AndroidManifest.xml:18:9-35
43        android:appComponentFactory="androidx.core.app.CoreComponentFactory"
43-->[androidx.core:core:1.3.2] AndroidManifest.xml:24:18-86
44        android:debuggable="true"
45        android:hardwareAccelerated="true"
45-->src/main/AndroidManifest.xml:19:9-43
46        android:icon="@mipmap/ic_launcher"
46-->src/main/AndroidManifest.xml:22:9-43
47        android:label="@string/app_name"
47-->src/main/AndroidManifest.xml:24:9-41
48        android:roundIcon="@mipmap/ic_launcher_round"
48-->src/main/AndroidManifest.xml:23:9-54
49        android:supportsRtl="true"
49-->src/main/AndroidManifest.xml:20:9-35
50        android:testOnly="true"
51        android:theme="@style/AppThemeFull"
51-->src/main/AndroidManifest.xml:25:9-44
52        android:usesCleartextTraffic="true" >
52-->src/main/AndroidManifest.xml:21:9-44
53        <activity
53-->src/main/AndroidManifest.xml:28:9-39:20
54            android:name="com.radio.kutai.XRadioSplashActivity"
54-->src/main/AndroidManifest.xml:29:13-64
55            android:configChanges="touchscreen|keyboard|keyboardHidden|navigation|orientation|screenLayout|uiMode|screenSize|smallestScreenSize"
55-->src/main/AndroidManifest.xml:30:13-145
56            android:exported="true"
56-->src/main/AndroidManifest.xml:33:13-36
57            android:label="@string/app_name"
57-->src/main/AndroidManifest.xml:31:13-45
58            android:screenOrientation="portrait" >
58-->src/main/AndroidManifest.xml:32:13-49
59            <intent-filter>
59-->src/main/AndroidManifest.xml:34:13-38:29
60                <action android:name="android.intent.action.MAIN" />
60-->src/main/AndroidManifest.xml:35:17-68
60-->src/main/AndroidManifest.xml:35:25-66
61
62                <category android:name="android.intent.category.LAUNCHER" />
62-->src/main/AndroidManifest.xml:37:17-76
62-->src/main/AndroidManifest.xml:37:27-74
63            </intent-filter>
64        </activity>
65        <activity
65-->src/main/AndroidManifest.xml:41:9-48:20
66            android:name="com.radio.kutai.XMultiRadioMainActivity"
66-->src/main/AndroidManifest.xml:42:13-67
67            android:configChanges="touchscreen|keyboard|keyboardHidden|navigation|orientation|screenLayout|uiMode|screenSize|smallestScreenSize"
67-->src/main/AndroidManifest.xml:43:13-145
68            android:label="@string/app_name"
68-->src/main/AndroidManifest.xml:44:13-45
69            android:launchMode="singleTop"
69-->src/main/AndroidManifest.xml:46:13-43
70            android:screenOrientation="portrait"
70-->src/main/AndroidManifest.xml:47:13-49
71            android:windowSoftInputMode="adjustPan|adjustResize" >
71-->src/main/AndroidManifest.xml:45:13-65
72        </activity>
73        <activity
73-->src/main/AndroidManifest.xml:49:9-56:20
74            android:name="com.radio.kutai.XSingleRadioMainActivity"
74-->src/main/AndroidManifest.xml:50:13-68
75            android:configChanges="touchscreen|keyboard|keyboardHidden|navigation|orientation|screenLayout|uiMode|screenSize|smallestScreenSize"
75-->src/main/AndroidManifest.xml:51:13-145
76            android:label="@string/app_name"
76-->src/main/AndroidManifest.xml:52:13-45
77            android:launchMode="singleTop"
77-->src/main/AndroidManifest.xml:54:13-43
78            android:screenOrientation="portrait"
78-->src/main/AndroidManifest.xml:55:13-49
79            android:windowSoftInputMode="adjustPan|adjustResize" >
79-->src/main/AndroidManifest.xml:53:13-65
80        </activity>
81        <activity
81-->src/main/AndroidManifest.xml:58:9-64:20
82            android:name="com.radio.kutai.XRadioShowUrlActivity"
82-->src/main/AndroidManifest.xml:59:13-65
83            android:configChanges="touchscreen|keyboard|keyboardHidden|navigation|orientation|screenLayout|uiMode|screenSize|smallestScreenSize"
83-->src/main/AndroidManifest.xml:60:13-145
84            android:label="@string/app_name"
84-->src/main/AndroidManifest.xml:61:13-45
85            android:screenOrientation="portrait" >
85-->src/main/AndroidManifest.xml:62:13-49
86        </activity>
87        <activity
87-->src/main/AndroidManifest.xml:65:9-71:20
88            android:name="com.radio.kutai.XRadioGrantActivity"
88-->src/main/AndroidManifest.xml:66:13-63
89            android:configChanges="touchscreen|keyboard|keyboardHidden|navigation|orientation|screenLayout|uiMode|screenSize|smallestScreenSize"
89-->src/main/AndroidManifest.xml:67:13-145
90            android:label="@string/app_name"
90-->src/main/AndroidManifest.xml:68:13-45
91            android:screenOrientation="portrait" >
91-->src/main/AndroidManifest.xml:69:13-49
92        </activity>
93
94        <service
94-->src/main/AndroidManifest.xml:73:9-76:19
95            android:name="com.radio.kutai.stream.service.YPYStreamService"
95-->src/main/AndroidManifest.xml:74:13-75
96            android:exported="false" >
96-->src/main/AndroidManifest.xml:75:13-37
97        </service>
98
99        <receiver
99-->src/main/AndroidManifest.xml:78:9-86:20
100            android:name="com.radio.kutai.stream.service.YPYIntentReceiver"
100-->src/main/AndroidManifest.xml:78:19-82
101            android:exported="false" >
101-->src/main/AndroidManifest.xml:79:13-37
102            <intent-filter>
102-->src/main/AndroidManifest.xml:80:13-82:29
103                <action android:name="android.media.AUDIO_BECOMING_NOISY" />
103-->src/main/AndroidManifest.xml:81:17-76
103-->src/main/AndroidManifest.xml:81:25-74
104            </intent-filter>
105            <intent-filter>
105-->src/main/AndroidManifest.xml:83:13-85:29
106                <action android:name="android.intent.action.MEDIA_BUTTON" />
106-->src/main/AndroidManifest.xml:84:17-76
106-->src/main/AndroidManifest.xml:84:25-74
107            </intent-filter>
108        </receiver>
109
110        <!-- Firebase Notification -->
111
112        <meta-data
113            android:name="com.google.firebase.messaging.default_notification_channel_id"
113-->src/main/AndroidManifest.xml:91:13-89
114            android:value="com.radio.kutai.N3" />
114-->src/main/AndroidManifest.xml:92:13-48
115
116        <service
116-->src/main/AndroidManifest.xml:94:9-100:19
117            android:name="com.radio.kutai.firebasemsg.XRadioFBMessagingService"
117-->src/main/AndroidManifest.xml:95:13-80
118            android:exported="false" >
118-->src/main/AndroidManifest.xml:96:13-37
119            <intent-filter>
119-->src/main/AndroidManifest.xml:97:13-99:29
120                <action android:name="com.google.firebase.MESSAGING_EVENT" />
120-->src/main/AndroidManifest.xml:98:17-77
120-->src/main/AndroidManifest.xml:98:25-75
121            </intent-filter>
122        </service>
123
124        <!--
125        Set custom default icon. This is used when no icon is set for incoming notification messages.
126        See README(https://goo.gl/l4GJaQ) for more.
127        -->
128        <meta-data
128-->src/main/AndroidManifest.xml:104:9-106:64
129            android:name="com.google.firebase.messaging.default_notification_icon"
129-->src/main/AndroidManifest.xml:105:13-83
130            android:resource="@drawable/ic_notification_24dp" />
130-->src/main/AndroidManifest.xml:106:13-62
131
132        <!--
133             Set color used with incoming notification messages. This is used when no color is set for the incoming
134             notification message. See README(https://goo.gl/6BKBk7) for more.
135        -->
136        <meta-data
136-->src/main/AndroidManifest.xml:110:9-112:53
137            android:name="com.google.firebase.messaging.default_notification_color"
137-->src/main/AndroidManifest.xml:111:13-84
138            android:resource="@color/colorPrimary" />
138-->src/main/AndroidManifest.xml:112:13-51
139        <meta-data
139-->src/main/AndroidManifest.xml:114:9-115:42
140            android:name="firebase_messaging_auto_init_enabled"
140-->src/main/AndroidManifest.xml:114:20-71
141            android:value="true" />
141-->src/main/AndroidManifest.xml:115:20-40
142        <meta-data
142-->src/main/AndroidManifest.xml:116:9-117:42
143            android:name="firebase_analytics_collection_enabled"
143-->src/main/AndroidManifest.xml:116:20-72
144            android:value="true" />
144-->src/main/AndroidManifest.xml:117:20-40
145
146        <service
146-->src/main/AndroidManifest.xml:120:9-126:19
147            android:name="com.radio.kutai.firebasemsg.XRadioJobService"
147-->src/main/AndroidManifest.xml:122:13-72
148            android:exported="false" >
148-->src/main/AndroidManifest.xml:121:13-37
149            <intent-filter>
149-->src/main/AndroidManifest.xml:123:13-125:29
150                <action android:name="com.firebase.jobdispatcher.ACTION_EXECUTE" />
150-->src/main/AndroidManifest.xml:124:17-83
150-->src/main/AndroidManifest.xml:124:25-81
151            </intent-filter>
152        </service>
153
154        <meta-data
154-->src/main/AndroidManifest.xml:128:9-130:35
155            android:name="com.google.android.gms.ads.AD_MANAGER_APP"
155-->src/main/AndroidManifest.xml:129:13-69
156            android:value="true" />
156-->src/main/AndroidManifest.xml:130:13-33
157
158        <uses-library
158-->src/main/AndroidManifest.xml:132:9-87
159            android:name="org.apache.http.legacy"
159-->src/main/AndroidManifest.xml:132:23-60
160            android:required="false" />
160-->src/main/AndroidManifest.xml:132:61-85
161
162        <meta-data
162-->src/main/AndroidManifest.xml:134:9-136:52
163            android:name="com.google.android.gms.ads.APPLICATION_ID"
163-->src/main/AndroidManifest.xml:135:13-69
164            android:value="@string/admob_app_id" />
164-->src/main/AndroidManifest.xml:136:13-49
165
166        <activity
166-->[com.facebook.android:audience-network-sdk:6.4.0] AndroidManifest.xml:19:9-23:75
167            android:name="com.facebook.ads.AudienceNetworkActivity"
167-->[com.facebook.android:audience-network-sdk:6.4.0] AndroidManifest.xml:20:13-68
168            android:configChanges="keyboardHidden|orientation|screenSize"
168-->[com.facebook.android:audience-network-sdk:6.4.0] AndroidManifest.xml:21:13-74
169            android:exported="false"
169-->[com.facebook.android:audience-network-sdk:6.4.0] AndroidManifest.xml:22:13-37
170            android:theme="@android:style/Theme.Translucent.NoTitleBar" />
170-->[com.facebook.android:audience-network-sdk:6.4.0] AndroidManifest.xml:23:13-72
171
172        <provider
172-->[com.facebook.android:audience-network-sdk:6.4.0] AndroidManifest.xml:25:9-28:40
173            android:name="com.facebook.ads.AudienceNetworkContentProvider"
173-->[com.facebook.android:audience-network-sdk:6.4.0] AndroidManifest.xml:26:13-75
174            android:authorities="com.radio.kutai.AudienceNetworkContentProvider"
174-->[com.facebook.android:audience-network-sdk:6.4.0] AndroidManifest.xml:27:13-82
175            android:exported="false" />
175-->[com.facebook.android:audience-network-sdk:6.4.0] AndroidManifest.xml:28:13-37
176
177        <receiver
177-->[com.google.firebase:firebase-messaging:21.1.0] AndroidManifest.xml:28:9-35:20
178            android:name="com.google.firebase.iid.FirebaseInstanceIdReceiver"
178-->[com.google.firebase:firebase-messaging:21.1.0] AndroidManifest.xml:29:13-78
179            android:exported="true"
179-->[com.google.firebase:firebase-messaging:21.1.0] AndroidManifest.xml:30:13-36
180            android:permission="com.google.android.c2dm.permission.SEND" >
180-->[com.google.firebase:firebase-messaging:21.1.0] AndroidManifest.xml:31:13-73
181            <intent-filter>
181-->[com.google.firebase:firebase-messaging:21.1.0] AndroidManifest.xml:32:13-34:29
182                <action android:name="com.google.android.c2dm.intent.RECEIVE" />
182-->[com.google.firebase:firebase-messaging:21.1.0] AndroidManifest.xml:33:17-81
182-->[com.google.firebase:firebase-messaging:21.1.0] AndroidManifest.xml:33:25-78
183            </intent-filter>
184        </receiver>
185        <!--
186             FirebaseMessagingService performs security checks at runtime,
187             but set to not exported to explicitly avoid allowing another app to call it.
188        -->
189        <service
189-->[com.google.firebase:firebase-messaging:21.1.0] AndroidManifest.xml:41:9-48:19
190            android:name="com.google.firebase.messaging.FirebaseMessagingService"
190-->[com.google.firebase:firebase-messaging:21.1.0] AndroidManifest.xml:42:13-82
191            android:directBootAware="true"
191-->[com.google.firebase:firebase-messaging:21.1.0] AndroidManifest.xml:43:13-43
192            android:exported="false" >
192-->[com.google.firebase:firebase-messaging:21.1.0] AndroidManifest.xml:44:13-37
193            <intent-filter android:priority="-500" >
193-->src/main/AndroidManifest.xml:97:13-99:29
194                <action android:name="com.google.firebase.MESSAGING_EVENT" />
194-->src/main/AndroidManifest.xml:98:17-77
194-->src/main/AndroidManifest.xml:98:25-75
195            </intent-filter>
196        </service>
197        <service
197-->[com.google.firebase:firebase-messaging:21.1.0] AndroidManifest.xml:49:9-55:19
198            android:name="com.google.firebase.components.ComponentDiscoveryService"
198-->[com.google.firebase:firebase-messaging:21.1.0] AndroidManifest.xml:50:13-84
199            android:directBootAware="true"
199-->[com.google.firebase:firebase-common:19.5.0] AndroidManifest.xml:35:13-43
200            android:exported="false" >
200-->[com.google.firebase:firebase-messaging:21.1.0] AndroidManifest.xml:51:13-37
201            <meta-data
201-->[com.google.firebase:firebase-messaging:21.1.0] AndroidManifest.xml:52:13-54:85
202                android:name="com.google.firebase.components:com.google.firebase.messaging.FirebaseMessagingRegistrar"
202-->[com.google.firebase:firebase-messaging:21.1.0] AndroidManifest.xml:53:17-119
203                android:value="com.google.firebase.components.ComponentRegistrar" />
203-->[com.google.firebase:firebase-messaging:21.1.0] AndroidManifest.xml:54:17-82
204            <meta-data
204-->[com.google.android.gms:play-services-measurement-api:18.0.3] AndroidManifest.xml:30:13-32:85
205                android:name="com.google.firebase.components:com.google.firebase.analytics.connector.internal.AnalyticsConnectorRegistrar"
205-->[com.google.android.gms:play-services-measurement-api:18.0.3] AndroidManifest.xml:31:17-139
206                android:value="com.google.firebase.components.ComponentRegistrar" />
206-->[com.google.android.gms:play-services-measurement-api:18.0.3] AndroidManifest.xml:32:17-82
207            <meta-data
207-->[com.google.firebase:firebase-iid:21.1.0] AndroidManifest.xml:32:13-34:85
208                android:name="com.google.firebase.components:com.google.firebase.iid.Registrar"
208-->[com.google.firebase:firebase-iid:21.1.0] AndroidManifest.xml:33:17-96
209                android:value="com.google.firebase.components.ComponentRegistrar" />
209-->[com.google.firebase:firebase-iid:21.1.0] AndroidManifest.xml:34:17-82
210            <meta-data
210-->[com.google.firebase:firebase-datatransport:17.0.10] AndroidManifest.xml:28:13-30:85
211                android:name="com.google.firebase.components:com.google.firebase.datatransport.TransportRegistrar"
211-->[com.google.firebase:firebase-datatransport:17.0.10] AndroidManifest.xml:29:17-115
212                android:value="com.google.firebase.components.ComponentRegistrar" />
212-->[com.google.firebase:firebase-datatransport:17.0.10] AndroidManifest.xml:30:17-82
213            <meta-data
213-->[com.google.firebase:firebase-installations:16.3.5] AndroidManifest.xml:18:13-20:85
214                android:name="com.google.firebase.components:com.google.firebase.installations.FirebaseInstallationsRegistrar"
214-->[com.google.firebase:firebase-installations:16.3.5] AndroidManifest.xml:19:17-127
215                android:value="com.google.firebase.components.ComponentRegistrar" />
215-->[com.google.firebase:firebase-installations:16.3.5] AndroidManifest.xml:20:17-82
216            <!--
217                This registrar is not defined in the dynamic-module-support sdk itself to allow non-firebase
218                clients to use it as well, by defining this registrar in their own core/common library.
219            -->
220            <meta-data
220-->[com.google.firebase:firebase-common:19.5.0] AndroidManifest.xml:43:13-45:85
221                android:name="com.google.firebase.components:com.google.firebase.dynamicloading.DynamicLoadingRegistrar"
221-->[com.google.firebase:firebase-common:19.5.0] AndroidManifest.xml:44:17-121
222                android:value="com.google.firebase.components.ComponentRegistrar" />
222-->[com.google.firebase:firebase-common:19.5.0] AndroidManifest.xml:45:17-82
223        </service>
224        <!--
225             Receives GooglePlay execution requests and forwards them to the
226             appropriate internal service.
227        -->
228        <service
228-->[com.firebase:firebase-jobdispatcher:0.8.5] AndroidManifest.xml:32:9-39:19
229            android:name="com.firebase.jobdispatcher.GooglePlayReceiver"
229-->[com.firebase:firebase-jobdispatcher:0.8.5] AndroidManifest.xml:33:13-73
230            android:exported="true"
230-->[com.firebase:firebase-jobdispatcher:0.8.5] AndroidManifest.xml:34:13-36
231            android:permission="com.google.android.gms.permission.BIND_NETWORK_TASK_SERVICE" >
231-->[com.firebase:firebase-jobdispatcher:0.8.5] AndroidManifest.xml:35:13-93
232            <intent-filter>
232-->[com.firebase:firebase-jobdispatcher:0.8.5] AndroidManifest.xml:36:13-38:29
233                <action android:name="com.google.android.gms.gcm.ACTION_TASK_READY" />
233-->[com.firebase:firebase-jobdispatcher:0.8.5] AndroidManifest.xml:37:17-87
233-->[com.firebase:firebase-jobdispatcher:0.8.5] AndroidManifest.xml:37:25-84
234            </intent-filter>
235        </service> <!-- Include the AdActivity and InAppPurchaseActivity configChanges and themes. -->
236        <activity
236-->[com.google.android.gms:play-services-ads-lite:20.1.0] AndroidManifest.xml:48:9-52:64
237            android:name="com.google.android.gms.ads.AdActivity"
237-->[com.google.android.gms:play-services-ads-lite:20.1.0] AndroidManifest.xml:49:13-65
238            android:configChanges="keyboard|keyboardHidden|orientation|screenLayout|uiMode|screenSize|smallestScreenSize"
238-->[com.google.android.gms:play-services-ads-lite:20.1.0] AndroidManifest.xml:50:13-122
239            android:exported="false"
239-->[com.google.android.gms:play-services-ads-lite:20.1.0] AndroidManifest.xml:51:13-37
240            android:theme="@android:style/Theme.Translucent" />
240-->[com.google.android.gms:play-services-ads-lite:20.1.0] AndroidManifest.xml:52:13-61
241
242        <provider
242-->[com.google.android.gms:play-services-ads-lite:20.1.0] AndroidManifest.xml:54:9-58:39
243            android:name="com.google.android.gms.ads.MobileAdsInitProvider"
243-->[com.google.android.gms:play-services-ads-lite:20.1.0] AndroidManifest.xml:55:13-76
244            android:authorities="com.radio.kutai.mobileadsinitprovider"
244-->[com.google.android.gms:play-services-ads-lite:20.1.0] AndroidManifest.xml:56:13-73
245            android:exported="false"
245-->[com.google.android.gms:play-services-ads-lite:20.1.0] AndroidManifest.xml:57:13-37
246            android:initOrder="100" />
246-->[com.google.android.gms:play-services-ads-lite:20.1.0] AndroidManifest.xml:58:13-36
247
248        <service
248-->[com.google.android.gms:play-services-ads-lite:20.1.0] AndroidManifest.xml:60:9-63:40
249            android:name="com.google.android.gms.ads.AdService"
249-->[com.google.android.gms:play-services-ads-lite:20.1.0] AndroidManifest.xml:61:13-64
250            android:enabled="true"
250-->[com.google.android.gms:play-services-ads-lite:20.1.0] AndroidManifest.xml:62:13-35
251            android:exported="false" />
251-->[com.google.android.gms:play-services-ads-lite:20.1.0] AndroidManifest.xml:63:13-37
252
253        <receiver
253-->[com.google.android.gms:play-services-measurement:18.0.3] AndroidManifest.xml:29:9-33:20
254            android:name="com.google.android.gms.measurement.AppMeasurementReceiver"
254-->[com.google.android.gms:play-services-measurement:18.0.3] AndroidManifest.xml:30:13-85
255            android:enabled="true"
255-->[com.google.android.gms:play-services-measurement:18.0.3] AndroidManifest.xml:31:13-35
256            android:exported="false" >
256-->[com.google.android.gms:play-services-measurement:18.0.3] AndroidManifest.xml:32:13-37
257        </receiver>
258
259        <service
259-->[com.google.android.gms:play-services-measurement:18.0.3] AndroidManifest.xml:35:9-38:40
260            android:name="com.google.android.gms.measurement.AppMeasurementService"
260-->[com.google.android.gms:play-services-measurement:18.0.3] AndroidManifest.xml:36:13-84
261            android:enabled="true"
261-->[com.google.android.gms:play-services-measurement:18.0.3] AndroidManifest.xml:37:13-35
262            android:exported="false" />
262-->[com.google.android.gms:play-services-measurement:18.0.3] AndroidManifest.xml:38:13-37
263        <service
263-->[com.google.android.gms:play-services-measurement:18.0.3] AndroidManifest.xml:39:9-43:72
264            android:name="com.google.android.gms.measurement.AppMeasurementJobService"
264-->[com.google.android.gms:play-services-measurement:18.0.3] AndroidManifest.xml:40:13-87
265            android:enabled="true"
265-->[com.google.android.gms:play-services-measurement:18.0.3] AndroidManifest.xml:41:13-35
266            android:exported="false"
266-->[com.google.android.gms:play-services-measurement:18.0.3] AndroidManifest.xml:42:13-37
267            android:permission="android.permission.BIND_JOB_SERVICE" />
267-->[com.google.android.gms:play-services-measurement:18.0.3] AndroidManifest.xml:43:13-69
268
269        <activity
269-->[com.google.android.gms:play-services-base:17.5.0] AndroidManifest.xml:23:9-26:75
270            android:name="com.google.android.gms.common.api.GoogleApiActivity"
270-->[com.google.android.gms:play-services-base:17.5.0] AndroidManifest.xml:24:13-79
271            android:exported="false"
271-->[com.google.android.gms:play-services-base:17.5.0] AndroidManifest.xml:25:13-37
272            android:theme="@android:style/Theme.Translucent.NoTitleBar" />
272-->[com.google.android.gms:play-services-base:17.5.0] AndroidManifest.xml:26:13-72
273
274        <provider
274-->[com.google.firebase:firebase-common:19.5.0] AndroidManifest.xml:26:9-31:39
275            android:name="com.google.firebase.provider.FirebaseInitProvider"
275-->[com.google.firebase:firebase-common:19.5.0] AndroidManifest.xml:27:13-77
276            android:authorities="com.radio.kutai.firebaseinitprovider"
276-->[com.google.firebase:firebase-common:19.5.0] AndroidManifest.xml:28:13-72
277            android:directBootAware="true"
277-->[com.google.firebase:firebase-common:19.5.0] AndroidManifest.xml:29:13-43
278            android:exported="false"
278-->[com.google.firebase:firebase-common:19.5.0] AndroidManifest.xml:30:13-37
279            android:initOrder="100" />
279-->[com.google.firebase:firebase-common:19.5.0] AndroidManifest.xml:31:13-36
280
281        <meta-data
281-->[com.google.android.gms:play-services-basement:17.6.0] AndroidManifest.xml:23:9-25:69
282            android:name="com.google.android.gms.version"
282-->[com.google.android.gms:play-services-basement:17.6.0] AndroidManifest.xml:24:13-58
283            android:value="@integer/google_play_services_version" />
283-->[com.google.android.gms:play-services-basement:17.6.0] AndroidManifest.xml:25:13-66
284
285        <provider
285-->[androidx.work:work-runtime:2.1.0] AndroidManifest.xml:30:9-36:35
286            android:name="androidx.work.impl.WorkManagerInitializer"
286-->[androidx.work:work-runtime:2.1.0] AndroidManifest.xml:31:13-69
287            android:authorities="com.radio.kutai.workmanager-init"
287-->[androidx.work:work-runtime:2.1.0] AndroidManifest.xml:32:13-68
288            android:directBootAware="false"
288-->[androidx.work:work-runtime:2.1.0] AndroidManifest.xml:33:13-44
289            android:exported="false"
289-->[androidx.work:work-runtime:2.1.0] AndroidManifest.xml:34:13-37
290            android:multiprocess="true" />
290-->[androidx.work:work-runtime:2.1.0] AndroidManifest.xml:35:13-40
291
292        <service
292-->[androidx.work:work-runtime:2.1.0] AndroidManifest.xml:38:9-43:35
293            android:name="androidx.work.impl.background.systemalarm.SystemAlarmService"
293-->[androidx.work:work-runtime:2.1.0] AndroidManifest.xml:39:13-88
294            android:directBootAware="false"
294-->[androidx.work:work-runtime:2.1.0] AndroidManifest.xml:40:13-44
295            android:enabled="@bool/enable_system_alarm_service_default"
295-->[androidx.work:work-runtime:2.1.0] AndroidManifest.xml:41:13-72
296            android:exported="false" />
296-->[androidx.work:work-runtime:2.1.0] AndroidManifest.xml:42:13-37
297        <service
297-->[androidx.work:work-runtime:2.1.0] AndroidManifest.xml:44:9-50:35
298            android:name="androidx.work.impl.background.systemjob.SystemJobService"
298-->[androidx.work:work-runtime:2.1.0] AndroidManifest.xml:45:13-84
299            android:directBootAware="false"
299-->[androidx.work:work-runtime:2.1.0] AndroidManifest.xml:46:13-44
300            android:enabled="@bool/enable_system_job_service_default"
300-->[androidx.work:work-runtime:2.1.0] AndroidManifest.xml:47:13-70
301            android:exported="true"
301-->[androidx.work:work-runtime:2.1.0] AndroidManifest.xml:48:13-36